{"D:\\study\\vue\\unknown": {"data":{"path":"D:\\study\\vue\\unknown","statementMap":{"0":{"start":{"line":8,"column":6},"end":{"line":10,"column":5}}},"fnMap":{"0":{"name":"(anonymous_0)","decl":{"start":{"line":7,"column":4},"end":{"line":7,"column":5}},"loc":{"start":{"line":7,"column":12},"end":{"line":11,"column":3}},"line":7}},"branchMap":{},"s":{"0":1},"f":{"0":1},"b":{},"_coverageSchema":"43e27e138ebf9cfc5966b082cf9a028302ed4184","hash":"1148db600cfb726271ffe3bef7f9e61b151caff1"}}
,"D:\\study\\vue\\src\\components\\HelloWorld.vue": {"path":"D:\\study\\vue\\src\\components\\HelloWorld.vue","statementMap":{"0":{"start":{"line":7,"column":0},"end":{"line":7,"column":null}},"1":{"start":{"line":8,"column":0},"end":{"line":8,"column":null}}},"fnMap":{"0":{"name":"data","decl":{"start":{"line":7,"column":0},"end":{"line":7,"column":null}},"loc":{"start":{"line":7,"column":0},"end":{"line":11,"column":null}}}},"branchMap":{},"s":{"0":2,"1":1},"f":{"0":1},"b":{}}
}
